#
# There is insufficient memory for the Java Runtime Environment to continue.
# Native memory allocation (mmap) failed to map 2147483648 bytes for Failed to commit area from 0x0000000080000000 to 0x0000000100000000 of length 2147483648.
# Possible reasons:
#   The system is out of physical RAM or swap space
#   The process is running with CompressedOops enabled, and the Java Heap may be blocking the growth of the native heap
# Possible solutions:
#   Reduce memory load on the system
#   Increase physical memory or swap space
#   Check if swap backing store is full
#   Decrease Java heap size (-Xmx/-Xms)
#   Decrease number of Java threads
#   Decrease Java thread stack sizes (-Xss)
#   Set larger code cache with -XX:ReservedCodeCacheSize=
# This output file may be truncated or incomplete.
#
#  Out of Memory Error (./src/hotspot/os/windows/os_windows.cpp:3303), pid=17772, tid=17472
#
# JRE version:  (11.0.8+10) (build )
# Java VM: OpenJDK 64-Bit Server VM (11.0.8+10-b944.31, mixed mode, sharing, tiered, compressed oops, g1 gc, windows-amd64)
# No core dump will be written. Minidumps are not enabled by default on client versions of Windows
#

---------------  S U M M A R Y ------------

Command Line: -Xmx2G -Xms2G org.jetbrains.git4idea.http.GitAskPassApp Username for 'https://github.com': 

Host: Intel(R) Core(TM) i5-8250U CPU @ 1.60GHz, 8 cores, 7G,  Windows 10 , 64 bit Build 19041 (10.0.19041.1151)
Time: Tue Sep 14 15:21:21 2021 Russia TZ 2 Standard Time elapsed time: 0 seconds (0d 0h 0m 0s)

---------------  T H R E A D  ---------------

Current thread (0x000001e87f696000):  JavaThread "Unknown thread" [_thread_in_vm, id=17472, stack(0x00000034dee00000,0x00000034def00000)]

Stack: [0x00000034dee00000,0x00000034def00000]
Native frames: (J=compiled Java code, j=interpreted, Vv=VM code, C=native code)
V  [jvm.dll+0x5de35a]
V  [jvm.dll+0x712355]
V  [jvm.dll+0x7138ad]
V  [jvm.dll+0x713f63]
V  [jvm.dll+0x23e628]
V  [jvm.dll+0x5db804]
V  [jvm.dll+0x5d0925]
V  [jvm.dll+0x2faf9b]
V  [jvm.dll+0x2faf0a]
V  [jvm.dll+0x2fade2]
V  [jvm.dll+0x2ffcb6]
V  [jvm.dll+0x3483a3]
V  [jvm.dll+0x348aa6]
V  [jvm.dll+0x3484a3]
V  [jvm.dll+0x2d5be8]
V  [jvm.dll+0x2d6d87]
V  [jvm.dll+0x6f10e7]
V  [jvm.dll+0x6f28dc]
V  [jvm.dll+0x3558f9]
V  [jvm.dll+0x6d492e]
V  [jvm.dll+0x3bdad3]
V  [jvm.dll+0x3bfd01]
C  [jli.dll+0x5373]
C  [ucrtbase.dll+0x21bb2]
C  [KERNEL32.DLL+0x17034]
C  [ntdll.dll+0x52651]


---------------  P R O C E S S  ---------------

Threads class SMR info:
_java_thread_list=0x000001e87e8db050, length=0, elements={
}

Java Threads: ( => current thread )

Other Threads:
  0x000001e87f6ae000 GCTaskThread "GC Thread#0" [stack: 0x00000034def00000,0x00000034df000000] [id=4320]
  0x000001e87f6e0000 ConcurrentGCThread "G1 Main Marker" [stack: 0x00000034df000000,0x00000034df100000] [id=17304]
  0x000001e87f6e3000 ConcurrentGCThread "G1 Conc#0" [stack: 0x00000034df100000,0x00000034df200000] [id=17924]

[error occurred during error reporting (printing all threads), id 0xc0000005, EXCEPTION_ACCESS_VIOLATION (0xc0000005) at pc=0x00007ffdfc5060c7]

VM state:not at safepoint (not fully initialized)

VM Mutex/Monitor currently owned by a thread:  ([mutex/lock_event])
[0x000001e87f693c30] Heap_lock - owner thread: 0x000001e87f696000

Heap address: 0x0000000080000000, size: 2048 MB, Compressed Oops mode: Non-zero based: 0x0000000080000000
Narrow klass base: 0x0000000000000000, Narrow klass shift: 0

GC Heap History (0 events):
No events

Deoptimization events (0 events):
No events

Classes redefined (0 events):
No events

Internal exceptions (0 events):
No events

Events (1 events):
Event: 0.010 Loaded shared library C:\Users\bzakh\AppData\Local\JetBrains\Toolbox\apps\PyCharm-P\ch-0\202.6948.78\jbr\bin\zip.dll


Dynamic libraries:
0x00007ff6ad3f0000 - 0x00007ff6ad3fa000 	C:\Users\bzakh\AppData\Local\JetBrains\Toolbox\apps\PyCharm-P\ch-0\202.6948.78\jbr\bin\java.exe
0x00007ffe6dd70000 - 0x00007ffe6df65000 	C:\WINDOWS\SYSTEM32\ntdll.dll
0x00007ffe6bdd0000 - 0x00007ffe6be8d000 	C:\WINDOWS\System32\KERNEL32.DLL
0x00007ffe6b790000 - 0x00007ffe6ba59000 	C:\WINDOWS\System32\KERNELBASE.dll
0x00007ffe6ba60000 - 0x00007ffe6bb60000 	C:\WINDOWS\System32\ucrtbase.dll
0x00007ffe5ace0000 - 0x00007ffe5acf7000 	C:\Users\bzakh\AppData\Local\JetBrains\Toolbox\apps\PyCharm-P\ch-0\202.6948.78\jbr\bin\VCRUNTIME140.dll
0x00007ffe4dce0000 - 0x00007ffe4dcf9000 	C:\Users\bzakh\AppData\Local\JetBrains\Toolbox\apps\PyCharm-P\ch-0\202.6948.78\jbr\bin\jli.dll
0x00007ffe6c3c0000 - 0x00007ffe6c560000 	C:\WINDOWS\System32\USER32.dll
0x00007ffe6b760000 - 0x00007ffe6b782000 	C:\WINDOWS\System32\win32u.dll
0x00007ffe6c330000 - 0x00007ffe6c35a000 	C:\WINDOWS\System32\GDI32.dll
0x00007ffe5aa20000 - 0x00007ffe5acba000 	C:\WINDOWS\WinSxS\amd64_microsoft.windows.common-controls_6595b64144ccf1df_6.0.19041.1110_none_60b5254171f9507e\COMCTL32.dll
0x00007ffe6b650000 - 0x00007ffe6b75b000 	C:\WINDOWS\System32\gdi32full.dll
0x00007ffe6c720000 - 0x00007ffe6c7be000 	C:\WINDOWS\System32\msvcrt.dll
0x00007ffe6b4a0000 - 0x00007ffe6b53d000 	C:\WINDOWS\System32\msvcp_win.dll
0x00007ffe6cdf0000 - 0x00007ffe6ce20000 	C:\WINDOWS\System32\IMM32.DLL
0x00007ffe4db60000 - 0x00007ffe4dbfd000 	C:\Users\bzakh\AppData\Local\JetBrains\Toolbox\apps\PyCharm-P\ch-0\202.6948.78\jbr\bin\msvcp140.dll
0x00007ffdfc220000 - 0x00007ffdfccdd000 	C:\Users\bzakh\AppData\Local\JetBrains\Toolbox\apps\PyCharm-P\ch-0\202.6948.78\jbr\bin\server\jvm.dll
0x00007ffe6cfd0000 - 0x00007ffe6d07c000 	C:\WINDOWS\System32\ADVAPI32.dll
0x00007ffe6c290000 - 0x00007ffe6c32b000 	C:\WINDOWS\System32\sechost.dll
0x00007ffe6be90000 - 0x00007ffe6bfba000 	C:\WINDOWS\System32\RPCRT4.dll
0x00007ffe6dd20000 - 0x00007ffe6dd28000 	C:\WINDOWS\System32\PSAPI.DLL
0x00007ffe62d50000 - 0x00007ffe62d5a000 	C:\WINDOWS\SYSTEM32\VERSION.dll
0x00007ffe31450000 - 0x00007ffe31459000 	C:\WINDOWS\SYSTEM32\WSOCK32.dll
0x00007ffe51840000 - 0x00007ffe51867000 	C:\WINDOWS\SYSTEM32\WINMM.dll
0x00007ffe6c560000 - 0x00007ffe6c5cb000 	C:\WINDOWS\System32\WS2_32.dll
0x00007ffe69050000 - 0x00007ffe69062000 	C:\WINDOWS\SYSTEM32\kernel.appcore.dll
0x00007ffe2dab0000 - 0x00007ffe2dac1000 	C:\Users\bzakh\AppData\Local\JetBrains\Toolbox\apps\PyCharm-P\ch-0\202.6948.78\jbr\bin\verify.dll
0x00007ffe62b60000 - 0x00007ffe62d44000 	C:\WINDOWS\SYSTEM32\DBGHELP.DLL
0x00007ffe59f00000 - 0x00007ffe59f2c000 	C:\WINDOWS\SYSTEM32\dbgcore.DLL
0x00007ffe6bbb0000 - 0x00007ffe6bc33000 	C:\WINDOWS\System32\bcryptPrimitives.dll
0x00007ffe13be0000 - 0x00007ffe13c09000 	C:\Users\bzakh\AppData\Local\JetBrains\Toolbox\apps\PyCharm-P\ch-0\202.6948.78\jbr\bin\java.dll
0x00007ffe31440000 - 0x00007ffe3144b000 	C:\Users\bzakh\AppData\Local\JetBrains\Toolbox\apps\PyCharm-P\ch-0\202.6948.78\jbr\bin\jimage.dll
0x00007ffe2b220000 - 0x00007ffe2b238000 	C:\Users\bzakh\AppData\Local\JetBrains\Toolbox\apps\PyCharm-P\ch-0\202.6948.78\jbr\bin\zip.dll

dbghelp: loaded successfully - version: 4.0.5 - missing functions: none
symbol engine: initialized successfully - sym options: 0x614 - pdb path: .;C:\Users\bzakh\AppData\Local\JetBrains\Toolbox\apps\PyCharm-P\ch-0\202.6948.78\jbr\bin;C:\WINDOWS\SYSTEM32;C:\WINDOWS\WinSxS\amd64_microsoft.windows.common-controls_6595b64144ccf1df_6.0.19041.1110_none_60b5254171f9507e;C:\Users\bzakh\AppData\Local\JetBrains\Toolbox\apps\PyCharm-P\ch-0\202.6948.78\jbr\bin\server

VM Arguments:
jvm_args: -Xmx2G -Xms2G 
java_command: org.jetbrains.git4idea.http.GitAskPassApp Username for 'https://github.com': 
java_class_path (initial): C:/Users/bzakh/AppData/Local/JetBrains/Toolbox/apps/PyCharm-P/ch-0/202.6948.78/plugins/git4idea/lib/git4idea-rt.jar;C:/Users/bzakh/AppData/Local/JetBrains/Toolbox/apps/PyCharm-P/ch-0/202.6948.78/lib/xmlrpc-2.0.1.jar;C:/Users/bzakh/AppData/Local/JetBrains/Toolbox/apps/PyCharm-P/ch-0/202.6948.78/lib/commons-codec-1.14.jar
Launcher Type: SUN_STANDARD

[Global flags]
     intx CICompilerCount                          = 4                                         {product} {ergonomic}
     uint ConcGCThreads                            = 2                                         {product} {ergonomic}
     uint G1ConcRefinementThreads                  = 8                                         {product} {ergonomic}
   size_t G1HeapRegionSize                         = 1048576                                   {product} {ergonomic}
    uintx GCDrainStackTargetSize                   = 64                                        {product} {ergonomic}
   size_t InitialHeapSize                          = 2147483648                                {product} {command line}
   size_t MarkStackSize                            = 4194304                                   {product} {ergonomic}
   size_t MaxHeapSize                              = 2147483648                                {product} {command line}
   size_t MinHeapDeltaBytes                        = 1048576                                   {product} {ergonomic}
    uintx NonNMethodCodeHeapSize                   = 5836300                                {pd product} {ergonomic}
    uintx NonProfiledCodeHeapSize                  = 122910970                              {pd product} {ergonomic}
    uintx ProfiledCodeHeapSize                     = 122910970                              {pd product} {ergonomic}
    uintx ReservedCodeCacheSize                    = 251658240                              {pd product} {ergonomic}
     bool SegmentedCodeCache                       = true                                      {product} {ergonomic}
     bool UseCompressedClassPointers               = true                                 {lp64_product} {ergonomic}
     bool UseCompressedOops                        = true                                 {lp64_product} {ergonomic}
     bool UseG1GC                                  = true                                      {product} {ergonomic}
     bool UseLargePagesIndividualAllocation        = false                                  {pd product} {ergonomic}

Logging:
Log output configuration:
 #0: stdout all=warning uptime,level,tags
 #1: stderr all=off uptime,level,tags

Environment Variables:
JAVA_HOME=C:\PROGRA~1\Java\JDK18~1.0_2
_JAVA_OPTIONS=-Xmx2G -Xms2G
PATH=C:\Program Files\Git\mingw64\libexec\git-core;C:\Program Files\Git\mingw64\libexec\git-core;C:\Program Files\Git\mingw64\bin;C:\Program Files\Git\usr\bin;C:\Users\bzakh\bin;C:\Program Files\ImageMagick-6.9.10-Q8;C:\WINDOWS\system32;C:\WINDOWS;C:\WINDOWS\System32\Wbem;C:\WINDOWS\System32\WindowsPowerShell\v1.0;C:\WINDOWS\System32\OpenSSH;C:\Program Files (x86)\Windows Kits\8.1\Windows Performance Toolkit;C:\Program Files (x86)\IVI Foundation\VISA\WinNT\Bin;C:\Program Files (x86)\IVI Foundation\VISA\WinNT\Bin;C:\Program Files\IVI Foundation\VISA\Win64\Bin;C:\Program Files\Pandoc;C:\Program Files\MiKTeX\miktex\bin\x64;C:\Program Files\Git\cmd;C:\Users\bzakh\AppData\Local\Programs\Python\Python38-32\Scripts;C:\Users\bzakh\AppData\Local\Programs\Python\Python38-32;C:\Users\bzakh\AppData\Local\Programs\Python\Python37-32\Scripts;C:\Users\bzakh\AppData\Local\Programs\Python\Python37-32;C:\Users\bzakh\AppData\Local\Microsoft\WindowsApps;C:\Program Files\JetBrains\PyCharm 2019.2.2\bin;C:\Users\bzakh\yandex-cloud\bin;C:\Users\bzakh\OneDrive\Documents\aliases;C:\Spark\spark-2.4.4-bin-hadoop2.7\bin;C:\Progra~1\Java\jdk1.8.0_241\bin;C:\Users\bzakh\OneDrive\Documents\chromedriver;C:\Program Files\Graphviz2.44\bin;C:\Users\bzakh\AppData\Local\Google\Cloud SDK\google-cloud-sdk\bin
USERNAME=BorisZ
DISPLAY=:0.0
LC_ALL=en_US.UTF-8
OS=Windows_NT
PROCESSOR_IDENTIFIER=Intel64 Family 6 Model 142 Stepping 10, GenuineIntel



---------------  S Y S T E M  ---------------

OS: Windows 10 , 64 bit Build 19041 (10.0.19041.1151)
OS uptime: 0 days 5:30 hours

CPU:total 8 (initial active 8) (4 cores per cpu, 2 threads per core) family 6 model 142 stepping 10, cmov, cx8, fxsr, mmx, sse, sse2, sse3, ssse3, sse4.1, sse4.2, popcnt, avx, avx2, aes, clmul, erms, 3dnowpref, lzcnt, ht, tsc, tscinvbit, bmi1, bmi2, adx, fma

Memory: 4k page, system-wide physical 8108M (1725M free)
TotalPageFile size 11435M (AvailPageFile size 1299M)
current process WorkingSet (physical memory assigned to process): 10M, peak: 10M
current process commit charge ("private bytes"): 60M, peak: 2107M

vm_info: OpenJDK 64-Bit Server VM (11.0.8+10-b944.31) for windows-amd64 JRE (11.0.8+10-b944.31), built on Aug  6 2020 12:27:04 by "" with MS VC++ 14.0 (VS2015)

END.
